=== ヒアリング内容 (ベクトル化前) ===

電子帳簿保存のワークフローを作成して
電子帳簿保存のワークフローを作成するために、まずは業務フローの詳細を確認させていただきます。以下の質問にお答えいただけますか？
1. **業務の目的**: 電子帳簿保存を行う目的は何ですか？（例：法令遵守、業務効率化など）
2. **入力データ**: どのようなデータを電子帳簿として保存しますか？（例：請求書、領収書、取引明細など）
3. **出力データ**: 保存したデータはどのように利用されますか？（例：レポート作成、監査対応など）
まずはこの3つの質問からお答えいただければと思います。
**業務の目的**
電子帳簿保存の目的は、主に **法令遵守** と **業務効率化** の両立。2024年以降の電帳法対応に備えると同時に、紙管理を減らし検索性・共有性を高めたい。監査対応の容易化や将来的なコスト削減も狙い。
**入力データ**
- 請求書（受領・発行）
- 領収書（交通費・交際費など経費精算）
- 取引明細（銀行振込・カード利用明細）
- 契約書・見積書など関連書類（可能なら含める）
**出力データ**
- **会計ソフトへの自動取込**（OCR→仕訳候補でfreee連携）
- **監査・確認用レポート**（時系列/取引先別の参照性向上）
- **内部管理資料**（部署別の経費状況確認）
**トリガー**
- **請求書/領収書の受領**（メール添付PDF、紙→スキャン）
- **経費精算の申請**（社員がアプリにアップロード）
→ いずれも、指定クラウドフォルダへのアップロードをトリガーに設定。
**前提条件**
- **アプリ設定**：freee API連携、Driveのフォルダ構成
- **権限**：経理＝参照/編集、一般社員＝アップロード限定
- **環境**：安定したインターネット、PDF化できる端末/スキャナ
**例外時の扱い**
- **OCR失敗**：経理が手動修正
- **アップロード失敗**：Slackでアラート→再アップ依頼
- **重複ファイル**：自動検知→「要確認」フォルダへ振分
- **記録**：全エラーをログ化、月次レビューで再発防止
**使用アプリ**
- 会計ソフト：freee会計（クラウド）
- 経費精算：Money Forward クラウド経費
- スキャン：複合機（PDF化）、スマホアプリ（CamScanner等）
- 保存先：Google Drive ＋ 会計ソフト連携ストレージ
**操作粒度**
1) 受領（メール添付 or 紙をスキャン）
2) 指定フォルダへアップロード（Drive「電子帳簿保存」）
3) OCRで抽出→自動タグ付け（取引先/日付/金額）
4) 会計ソフトへインポート（仕訳候補登録）
5) 月次チェックで担当者がレビュー→確定
詳細な情報をありがとうございます。これで電子帳簿保存の業務フローがかなり明確になりました。次に、いくつかのポイントをさらに確認させていただきます。
1. **受領方法の詳細**: 請求書や領収書の受領時に、メール添付や紙をスキャンする際の具体的な手順はどのようになりますか？（例：メールの特定のフォルダを監視する、スキャン時のファイル名ルールなど）
2. **OCR処理の具体的な流れ**: OCR処理を行う際に、どのようなツールやサービスを使用しますか？また、OCR処理後のデータ確認はどのように行いますか？
3. **会計ソフトへのインポート**: freee会計へのインポート時に、特に注意が必要な項目や設定はありますか？（例：特定のフォーマット、必須項目など）
4. **月次チェックの流れ**: 月次チェックの具体的な手順や、どのような基準でレビューを行うかを教えてください。
これらの質問にお答えいただければ、さらに具体的なワークフローを構築するための情報が得られます。よろしくお願いします。

=== ベクトル検索結果 (上位40件) ===

1. step_key: parse_regex
   title: 文字列抽出（ルールにマッチする）
   description: 正規表現にマッチする文字列を抽出します。高度なテキスト処理に使用します。
   similarity: 0.0445
   metadata: {"cmd": "parse_regex", "memo": "", "tags": ["文字列", "抽出", "正規表現"], "uuid": "6d82db5d-39ae-4059-8230-167be109fb4a", "flags": {"bookmarked": false, "checkboxed": false}, "version": 1, "cmd-type": "basic", "parameters": {"regex": "", "option": "", "dst-variable": "抽出文字", "src-variable": ""}, "description": "正規表現にマッチする文字列を抽出します。高度なテキスト処理に使用します。", "cmd-nickname": "文字列抽出（ルールにマッチする）"}

2. step_key: parse_brackets
   title: 文字列抽出（括弧・引用符号）
   description: 文字列から括弧や引用符で囲まれた部分を抽出します。データの解析に使用します。
   similarity: 0.0428
   metadata: {"cmd": "parse_brackets", "memo": "", "tags": ["文字列", "抽出", "括弧"], "uuid": "1098b000-982d-4b30-a321-e8afe06b32bd", "flags": {"bookmarked": false, "checkboxed": false}, "version": 1, "cmd-type": "basic", "parameters": {"index": "1", "strip": true, "dst-variable": "抽出文字", "src-variable": "", "bracket-types": ["()"]}, "description": "文字列から括弧や引用符で囲まれた部分を抽出します。データの解析に使用します。", "cmd-nickname": "文字列抽出（括弧・引用符号）"}

3. step_key: replace_strings
   title: 文字を置換
   description: 文字列内の特定の文字を置換します。テキストの変換に使用します。
   similarity: 0.0403
   metadata: {"cmd": "replace_strings", "memo": "", "tags": ["文字列", "置換", "変換"], "uuid": "fab409ba-4112-488a-a477-8357e14cf3e6", "flags": {"bookmarked": false, "checkboxed": false}, "version": 1, "cmd-type": "basic", "parameters": {"dst-str": "", "src-str": "", "dst-variable": "置換結果", "src-variable": ""}, "description": "文字列内の特定の文字を置換します。テキストの変換に使用します。", "cmd-nickname": "文字を置換"}

4. step_key: copy_to_clipboard
   title: クリップボードへコピー
   description: 指定した文字列をクリップボードにコピーします。他アプリケーションへのデータ受け渡しに使用します。
   similarity: 0.0348
   metadata: {"cmd": "copy_to_clipboard", "memo": "", "tags": ["クリップボード", "コピー", "データ転送"], "uuid": "805c0338-43a4-415e-b4ab-c79b9bb3275f", "flags": {"bookmarked": false, "checkboxed": false}, "version": 1, "cmd-type": "basic", "parameters": {"string": ""}, "description": "指定した文字列をクリップボードにコピーします。他アプリケーションへのデータ受け渡しに使用します。", "cmd-nickname": "クリップボードへコピー"}

5. step_key: get_text_from_uia_element
   title: アプリ文字取得
   description: UIオートメーション要素からテキストを取得します。
   similarity: 0.0341
   metadata: {"cmd": "get_text_from_uia_element", "memo": "", "tags": ["UIオートメーション", "取得", "テキスト"], "uuid": "10ff410e-6f00-49b2-b540-606861ed3ff4", "flags": {"bookmarked": false, "checkboxed": false}, "version": 1, "cmd-type": "basic", "parameters": {"name": "", "depth": "", "index": "", "window": "__uia_focused_window__", "variable": "取得文字", "ancestors": null, "className": "", "identifier": "name", "controlType": "50000", "frameworkId": "", "automationId": "", "search-level": "1"}, "description": "UIオートメーション要素からテキストを取得します。", "cmd-nickname": "アプリ文字取得"}

6. step_key: get_spreadsheet_values
   title: スプレッドシートのセル値を取得
   description: スプレッドシートのセル値を取得します。
   similarity: 0.0337
   metadata: {"cmd": "get_spreadsheet_values", "memo": "", "tags": ["スプレッドシート", "取得", "値"], "uuid": "085cb183-5630-4768-9056-f69cd0c83a5a", "flags": {"bookmarked": false, "checkboxed": false}, "version": 1, "cmd-type": "basic", "parameters": {"type": "formatted-value", "range": "", "variable": "データ", "sheet-name": "", "spreadsheet": ""}, "description": "スプレッドシートのセル値を取得します。", "cmd-nickname": "スプレッドシートのセル値を取得"}

7. step_key: compare_strings_and_branch
   title: 文字列比較
   description: 文字列を比較し、結果により処理を分岐します。
   similarity: 0.0319
   metadata: {"cmd": "compare_strings_and_branch", "memo": "", "tags": ["分岐", "文字列", "比較"], "uuid": "8589dad5-3a59-407c-b387-ae60b60f139a", "flags": {"bookmarked": false, "checkboxed": false}, "version": 3, "cmd-type": "branching", "parameters": {"match": "full", "string1": "", "string2": ""}, "sequence-0": [], "sequence-1": [], "description": "文字列を比較し、結果により処理を分岐します。", "cmd-nickname": "文字列比較"}

8. step_key: open_static_file_name
   title: ファイルを開く
   description: 指定したファイルを関連付けられたアプリケーションで開きます。
   similarity: 0.0317
   metadata: {"cmd": "open_static_file_name", "memo": "", "tags": ["ファイル", "開く", "アプリ起動"], "uuid": "57daf4fb-4cbf-43ab-90ec-2c29b705125e", "flags": {"bookmarked": false, "checkboxed": false}, "version": 2, "cmd-type": "basic", "parameters": {"path": "", "interval": 3, "maximized": true}, "description": "指定したファイルを関連付けられたアプリケーションで開きます。", "cmd-nickname": "ファイルを開く"}

9. step_key: parse_break_and_space
   title: 文字列抽出（改行・空白を削除）
   description: 文字列から改行や空白を削除します。テキストの整形に使用します。
   similarity: 0.0314
   metadata: {"cmd": "parse_break_and_space", "memo": "", "tags": ["文字列", "整形", "空白除去"], "uuid": "00a74970-5f51-40f2-9d21-c3cd86f4d7be", "flags": {"bookmarked": false, "checkboxed": false}, "version": 1, "cmd-type": "basic", "parameters": {"all": false, "end": true, "head": false, "variable": "", "break-space": "break"}, "description": "文字列から改行や空白を削除します。テキストの整形に使用します。", "cmd-nickname": "文字列抽出（改行・空白を削除）"}

10. step_key: retrieve_text_of_html_element
   title: HTML文字列抽出
   description: HTML要素のテキストを取得します。
   similarity: 0.0314
   metadata: {"cmd": "retrieve_text_of_html_element", "memo": "", "tags": ["HTML", "取得", "テキスト"], "uuid": "bf91ac38-e196-4f26-b449-ed69313b7987", "flags": {"bookmarked": false, "checkboxed": false}, "version": 1, "cmd-type": "basic", "parameters": {"browser": "", "selector": "", "variable": "抽出文字", "selector-type": "xpath", "dropdown-all-text": false}, "description": "HTML要素のテキストを取得します。", "cmd-nickname": "HTML文字列抽出"}

11. step_key: get_spreadsheet_url
   title: スプレッドシートのURL取得
   description: スプレッドシートのURLを取得します。
   similarity: 0.0309
   metadata: {"cmd": "get_spreadsheet_url", "memo": "", "tags": ["スプレッドシート", "取得", "URL"], "uuid": "f955a2ab-ccb9-48e9-9cad-57659c1a084a", "flags": {"bookmarked": false, "checkboxed": false}, "version": 1, "cmd-type": "basic", "parameters": {"variable": "url", "spreadsheet": ""}, "description": "スプレッドシートのURLを取得します。", "cmd-nickname": "スプレッドシートのURL取得"}

12. step_key: run_executable
   title: アプリ起動
   description: 指定したアプリケーションやファイルを起動します。パスや引数、ウィンドウ表示状態を設定できます。
   similarity: 0.0308
   metadata: {"cmd": "run_executable", "memo": "", "tags": ["アプリ", "起動", "基本"], "uuid": "68231101-3a59-4e8d-9b8c-08d8ea5fc22d", "flags": {"bookmarked": false, "checkboxed": false}, "version": 3, "cmd-type": "basic", "parameters": {"path": "", "interval": 3, "arguments": "", "maximized": true}, "description": "指定したアプリケーションやファイルを起動します。パスや引数、ウィンドウ表示状態を設定できます。", "cmd-nickname": "アプリ起動"}

13. step_key: retrieve_attribute_of_html_element
   title: HTML属性抽出
   description: HTML要素の属性値を取得します。
   similarity: 0.0295
   metadata: {"cmd": "retrieve_attribute_of_html_element", "memo": "", "tags": ["HTML", "取得", "属性"], "uuid": "52b015a4-4c1a-4936-b380-c697635a9634", "flags": {"bookmarked": false, "checkboxed": false}, "version": 1, "cmd-type": "basic", "parameters": {"browser": "", "selector": "", "variable": "属性", "selector-type": "xpath", "attribute-name": ""}, "description": "HTML要素の属性値を取得します。", "cmd-nickname": "HTML属性抽出"}

14. step_key: set_spreadsheet_values
   title: スプレッドシートのセル値を入力
   description: スプレッドシートのセルに値を設定します。
   similarity: 0.0293
   metadata: {"cmd": "set_spreadsheet_values", "memo": "", "tags": ["スプレッドシート", "設定", "値"], "uuid": "fa7af0ff-5eb9-48f4-bbed-7297ffe86bbf", "flags": {"bookmarked": false, "checkboxed": false}, "version": 1, "cmd-type": "basic", "parameters": {"range": "", "string": "", "sheet-name": "", "single-cell": "single", "spreadsheet": ""}, "description": "スプレッドシートのセルに値を設定します。", "cmd-nickname": "スプレッドシートのセル値を入力"}

15. step_key: get_spreadsheet_sheet_name
   title: スプレッドシートのシート名取得
   description: アクティブなスプレッドシートのシート名を取得します。
   similarity: 0.0290
   metadata: {"cmd": "get_spreadsheet_sheet_name", "memo": "", "tags": ["スプレッドシート", "取得", "シート名"], "uuid": "b633cb61-195e-462f-a19b-1341e3715628", "flags": {"bookmarked": false, "checkboxed": false}, "version": 1, "cmd-type": "basic", "parameters": {"variable": "名前", "spreadsheet": "", "target-index": "", "target-position": "by-index"}, "description": "アクティブなスプレッドシートのシート名を取得します。", "cmd-nickname": "スプレッドシートのシート名取得"}

16. step_key: rename_spreadsheet
   title: スプレッドシート名を変更
   description: rename-spreadsheetの処理を実行します。
   similarity: 0.0280
   metadata: {"cmd": "rename_spreadsheet", "memo": "", "tags": ["スプレッドシート", "名前変更", "基本操作"], "uuid": "f4f06174-475d-4d42-a625-f43b5f427106", "flags": {"bookmarked": false, "checkboxed": false}, "version": 1, "cmd-type": "basic", "parameters": {"id": "", "url": "", "name": "", "method": "url", "rename": "", "account": ""}, "description": "rename-spreadsheetの処理を実行します。", "cmd-nickname": "スプレッドシート名を変更"}

17. step_key: move_spreadsheet_sheet
   title: スプレッドシートのシート移動
   description: スプレッドシートのシート位置を移動します。
   similarity: 0.0279
   metadata: {"cmd": "move_spreadsheet_sheet", "memo": "", "tags": ["スプレッドシート", "シート", "移動"], "uuid": "41068e8c-d74a-4471-b75c-12d7d60500e8", "flags": {"bookmarked": false, "checkboxed": false}, "version": 1, "cmd-type": "basic", "parameters": {"sheet-name": "", "spreadsheet": "", "target-sheet": "", "target-position": "last"}, "description": "スプレッドシートのシート位置を移動します。", "cmd-nickname": "スプレッドシートのシート移動"}

18. step_key: rename_spreadsheet_sheet
   title: スプレッドシートのシート名変更
   description: スプレッドシートのシート名を変更します。
   similarity: 0.0273
   metadata: {"cmd": "rename_spreadsheet_sheet", "memo": "", "tags": ["スプレッドシート", "シート", "名前変更"], "uuid": "9a3bb551-edba-4f86-87b2-2df1c8823349", "flags": {"bookmarked": false, "checkboxed": false}, "version": 1, "cmd-type": "basic", "parameters": {"rename": "", "sheet-name": "", "spreadsheet": ""}, "description": "スプレッドシートのシート名を変更します。", "cmd-nickname": "スプレッドシートのシート名変更"}

19. step_key: delete_spreadsheet_range
   title: スプレッドシート指定範囲を削除
   description: スプレッドシートの指定範囲を削除します。
   similarity: 0.0267
   metadata: {"cmd": "delete_spreadsheet_range", "memo": "", "tags": ["スプレッドシート", "削除", "セル操作"], "uuid": "ebc19956-67f3-4c01-912f-cea66d27e4d0", "flags": {"bookmarked": false, "checkboxed": false}, "version": 1, "cmd-type": "basic", "parameters": {"range": "", "sheet-name": "", "shift-type": "rows", "spreadsheet": ""}, "description": "スプレッドシートの指定範囲を削除します。", "cmd-nickname": "スプレッドシート指定範囲を削除"}

20. step_key: retrieve_link_of_html_element
   title: HTMLリンク抽出
   description: HTML要素のリンクURLを取得します。
   similarity: 0.0258
   metadata: {"cmd": "retrieve_link_of_html_element", "memo": "", "tags": ["HTML", "取得", "リンク"], "uuid": "2118b5ba-6b97-4f6a-953d-5cd84e66940e", "flags": {"bookmarked": false, "checkboxed": false}, "version": 1, "cmd-type": "basic", "parameters": {"browser": "", "selector": "", "variable": "リンク", "selector-type": "xpath"}, "description": "HTML要素のリンクURLを取得します。", "cmd-nickname": "HTMLリンク抽出"}

21. step_key: open_fixed_directory_name
   title: フォルダを開く
   description: 指定したフォルダをエクスプローラで開きます。
   similarity: 0.0243
   metadata: {"cmd": "open_fixed_directory_name", "memo": "", "tags": ["ファイル", "フォルダ", "開く"], "uuid": "d089bbe8-7b28-4729-aab8-b844a1225ec8", "flags": {"bookmarked": false, "checkboxed": false}, "version": 1, "cmd-type": "basic", "parameters": {"path": ""}, "description": "指定したフォルダをエクスプローラで開きます。", "cmd-nickname": "フォルダを開く"}

22. step_key: copy_spreadsheet_sheet
   title: スプレッドシートのシートコピー
   description: スプレッドシートのシートをコピーします。
   similarity: 0.0238
   metadata: {"cmd": "copy_spreadsheet_sheet", "memo": "", "tags": ["スプレッドシート", "シート", "コピー"], "uuid": "49249aaa-e85d-4ed3-9cc2-92de3b8c66bf", "flags": {"bookmarked": false, "checkboxed": false}, "version": 1, "cmd-type": "basic", "parameters": {"sheet-name": "", "spreadsheet": "", "copy-sheet-name": "", "target-spreadsheet": ""}, "description": "スプレッドシートのシートをコピーします。", "cmd-nickname": "スプレッドシートのシートコピー"}

23. step_key: get_window_title
   title: 画面の名前を取得
   description: 現在のウィンドウまたは指定したウィンドウのタイトルを取得し、変数に格納します。
   similarity: 0.0237
   metadata: {"cmd": "get_window_title", "memo": "", "tags": ["ウィンドウ", "取得", "タイトル"], "uuid": "03e6e0ff-cb84-4bc3-9aec-4d1c5d18b850", "flags": {"bookmarked": false, "checkboxed": false}, "version": 1, "cmd-type": "basic", "parameters": {"window": "__focused_window__", "variable": "ウィンドウ名"}, "description": "現在のウィンドウまたは指定したウィンドウのタイトルを取得し、変数に格納します。", "cmd-nickname": "画面の名前を取得"}

24. step_key: convert_character_type
   title: 文字変換
   description: 全角・半角文字の変換を行います。文字種の統一に使用します。
   similarity: 0.0237
   metadata: {"cmd": "convert_character_type", "memo": "", "tags": ["文字列", "変換", "全角半角"], "uuid": "9a166438-f4bd-40c4-b0dd-d398f297a7ed", "flags": {"bookmarked": false, "checkboxed": false}, "version": 1, "cmd-type": "basic", "parameters": {"type": "z2h-all", "string": "", "variable": "データ"}, "description": "全角・半角文字の変換を行います。文字種の統一に使用します。", "cmd-nickname": "文字変換"}

25. step_key: copy_paste_spreadsheet
   title: スプレッドシートのセルをコピー・貼り付け
   description: スプレッドシートの範囲をコピーして貼り付けます。
   similarity: 0.0230
   metadata: {"cmd": "copy_paste_spreadsheet", "memo": "", "tags": ["スプレッドシート", "コピー", "貼り付け"], "uuid": "0f2c4134-a434-4a68-9e5a-1e016ddbfb65", "flags": {"bookmarked": false, "checkboxed": false}, "version": 1, "cmd-type": "basic", "parameters": {"dst-range": "", "dst-sheet": "", "src-range": "", "src-sheet": "", "paste-type": "PASTE_NORMAL", "spreadsheet": ""}, "description": "スプレッドシートの範囲をコピーして貼り付けます。", "cmd-nickname": "スプレッドシートのセルをコピー・貼り付け"}

26. step_key: parse_delimiters
   title: 文字列抽出（区切り文字）
   description: 区切り文字で分割された文字列から特定の要素を抽出します。CSV処理などに使用します。
   similarity: 0.0219
   metadata: {"cmd": "parse_delimiters", "memo": "", "tags": ["文字列", "抽出", "区切り文字"], "uuid": "6926a529-4982-49b6-9734-8547ffad865f", "flags": {"bookmarked": false, "checkboxed": false}, "version": 1, "cmd-type": "basic", "parameters": {"index": "1", "custom-str": "", "dst-variable": "抽出文字", "src-variable": "", "delimiter-type": ","}, "description": "区切り文字で分割された文字列から特定の要素を抽出します。CSV処理などに使用します。", "cmd-nickname": "文字列抽出（区切り文字）"}

27. step_key: prepend_string_to_variable_filename
   title: 文字をファイル名に挿入
   description: ファイル名の先頭に文字列を追加します。
   similarity: 0.0214
   metadata: {"cmd": "prepend_string_to_variable_filename", "memo": "", "tags": ["ファイル", "命名", "文字列"], "uuid": "85fba685-ebbf-4519-8d49-d946369d8fea", "flags": {"bookmarked": false, "checkboxed": false}, "version": 3, "cmd-type": "basic", "parameters": {"string": "", "update": false, "position": "head", "variable": ""}, "description": "ファイル名の先頭に文字列を追加します。", "cmd-nickname": "文字をファイル名に挿入"}

28. step_key: send_password_to_uia_element
   title: アプリ文字入力（パスワード）
   description: UIオートメーション要素にパスワードを入力します。
   similarity: 0.0210
   metadata: {"cmd": "send_password_to_uia_element", "memo": "", "tags": ["UIオートメーション", "パスワード", "入力"], "uuid": "450ca1c6-218e-492b-bd4e-dcbb72db7292", "flags": {"bookmarked": false, "checkboxed": false}, "version": 1, "cmd-type": "basic", "parameters": {"name": "", "depth": "", "index": "", "nonce": "", "window": "__uia_focused_window__", "ancestors": null, "className": "", "ciphertext": "", "encryption": 1, "identifier": "name", "controlType": "50000", "frameworkId": "", "automationId": "", "search-level": "1", "password-type": "type-input"}, "description": "UIオートメーション要素にパスワードを入力します。", "cmd-nickname": "アプリ文字入力（パスワード）"}

29. step_key: visit_url
   title: ブラウザURL移動
   description: 指定したURLにアクセスします。
   similarity: 0.0204
   metadata: {"cmd": "visit_url", "memo": "", "tags": ["ブラウザ", "URL", "アクセス"], "uuid": "e5550eaf-eb7d-40f9-b810-aae7496c35d5", "flags": {"bookmarked": false, "checkboxed": false}, "version": 1, "cmd-type": "basic", "parameters": {"url": "", "browser": ""}, "description": "指定したURLにアクセスします。", "cmd-nickname": "ブラウザURL移動"}

30. step_key: retrieve_text_of_html_alert
   title: HTMLポップアップ内容抽出
   description: JavaScriptアラートのメッセージを取得します。
   similarity: 0.0196
   metadata: {"cmd": "retrieve_text_of_html_alert", "memo": "", "tags": ["HTML", "取得", "アラート"], "uuid": "43e99669-30a7-4d59-9eee-5a5102ca56b9", "flags": {"bookmarked": false, "checkboxed": false}, "version": 1, "cmd-type": "basic", "parameters": {"browser": "", "variable": "ポップアップ内容"}, "description": "JavaScriptアラートのメッセージを取得します。", "cmd-nickname": "HTMLポップアップ内容抽出"}

31. step_key: raise_error
   title: エラーを発生させる
   description: 意図的にエラーを発生させます。エラーハンドリングのテストや条件分岐での使用を想定しています。
   similarity: 0.0195
   metadata: {"cmd": "raise_error", "memo": "", "tags": ["エラー処理", "テスト", "デバッグ"], "uuid": "b1959e27-1196-4dd3-981e-fece37931bfc", "flags": {"bookmarked": false, "checkboxed": false}, "version": 1, "cmd-type": "basic", "parameters": {"string": ""}, "description": "意図的にエラーを発生させます。エラーハンドリングのテストや条件分岐での使用を想定しています。", "cmd-nickname": "エラーを発生させる"}

32. step_key: move_mouse_to_image
   title: マウス移動（画像認識）
   description: 画像認識を使用して指定した画像の位置にマウスを移動します。動的な要素のクリックに使用します。
   similarity: 0.0194
   metadata: {"cmd": "move_mouse_to_image", "ext": {}, "memo": "", "tags": ["マウス", "移動", "画像認識"], "uuid": "953fcceb-d873-4556-bb33-2a73cfcdae83", "flags": {"error": {"msg": "", "flag": false, "timestamp": ""}, "checked": false, "bookmarked": false, "checkboxed": false}, "version": 4, "cmd-type": "basic", "parameters": {"click": "single", "filename": "", "precision": "85", "search-area": "(0, 0) ~ (0, 0)", "noise-filter": "100.0", "search-area-type": "screen"}, "description": "画像認識を使用して指定した画像の位置にマウスを移動します。動的な要素のクリックに使用します。", "cmd-nickname": "マウス移動（画像認識）"}

33. step_key: run_browser_with_profile
   title: ブラウザ起動（ユーザ情報引継）
   description: ユーザープロファイルを指定してブラウザを起動します。
   similarity: 0.0193
   metadata: {"cmd": "run_browser_with_profile", "memo": "", "tags": ["ブラウザ", "起動", "プロファイル"], "uuid": "ce07d7b0-b064-49fb-b8b1-86e57b9c8a03", "flags": {"bookmarked": false, "checkboxed": false}, "version": 2, "cmd-type": "basic", "parameters": {"url": "", "path": "", "vendor": "google_chrome_auto", "browser": "ブラウザ", "plugins": false, "maximized": true, "profile-path": ""}, "description": "ユーザープロファイルを指定してブラウザを起動します。", "cmd-nickname": "ブラウザ起動（ユーザ情報引継）"}

34. step_key: get_uia_element_clickable_point
   title: アプリ座標取得
   description: UIオートメーション要素のクリック可能な座標を取得します。
   similarity: 0.0187
   metadata: {"cmd": "get_uia_element_clickable_point", "memo": "", "tags": ["UIオートメーション", "取得", "座標"], "uuid": "fdcecb18-0a84-4b66-9e0c-97c737066aaa", "flags": {"bookmarked": false, "checkboxed": false}, "version": 1, "cmd-type": "basic", "parameters": {"x": "X", "y": "Y", "name": "", "depth": "", "index": "", "window": "__uia_focused_window__", "ancestors": null, "className": "", "identifier": "name", "controlType": "50000", "frameworkId": "", "automationId": "", "search-level": "1"}, "description": "UIオートメーション要素のクリック可能な座標を取得します。", "cmd-nickname": "アプリ座標取得"}

35. step_key: assign_day_of_week_to_string_variable
   title: 曜日を記憶
   description: 指定日付の曜日を取得して変数に格納します。
   similarity: 0.0183
   metadata: {"cmd": "assign_day_of_week_to_string_variable", "memo": "", "tags": ["変数", "日付", "曜日"], "uuid": "fe10d310-166b-4175-a20f-d6d9893eaac5", "flags": {"bookmarked": false, "checkboxed": false}, "version": 2, "cmd-type": "basic", "parameters": {"date": "", "type": "today", "format": "月曜日", "offset": "0", "variable": "曜日", "format-date": "yyyy-mm-dd"}, "description": "指定日付の曜日を取得して変数に格納します。", "cmd-nickname": "曜日を記憶"}

36. step_key: assign_clipboard_to_string_variable
   title: コピー内容を記憶
   description: クリップボードの内容を変数に格納します。コピーしたデータの取得に使用します。
   similarity: 0.0180
   metadata: {"cmd": "assign_clipboard_to_string_variable", "memo": "", "tags": ["変数", "クリップボード", "データ取得"], "uuid": "12ee5fa4-b0a6-40df-a414-5d0700992db2", "flags": {"bookmarked": false, "checkboxed": false}, "version": 1, "cmd-type": "basic", "parameters": {"variable": "データ"}, "description": "クリップボードの内容を変数に格納します。コピーしたデータの取得に使用します。", "cmd-nickname": "コピー内容を記憶"}

37. step_key: assign_string_variable
   title: データの記憶（文字）
   description: 文字列データを変数に格納します。後続の処理で参照可能なデータの保存に使用します。
   similarity: 0.0177
   metadata: {"cmd": "assign_string_variable", "memo": "", "tags": ["変数", "基本", "データ保存"], "uuid": "2353cfb3-04e8-47ae-a2df-cee62c60e765", "flags": {"bookmarked": false, "checkboxed": false}, "version": 1, "cmd-type": "basic", "parameters": {"string": "", "variable": "データ"}, "description": "文字列データを変数に格納します。後続の処理で参照可能なデータの保存に使用します。", "cmd-nickname": "データの記憶（文字）"}

38. step_key: insert_spreadsheet_range
   title: スプレッドシート指定範囲にセルを挿入
   description: スプレッドシートに行や列を挿入します。
   similarity: 0.0177
   metadata: {"cmd": "insert_spreadsheet_range", "memo": "", "tags": ["スプレッドシート", "挿入", "行列操作"], "uuid": "2ffdd506-b2e8-492a-b2d3-30edc613658f", "flags": {"bookmarked": false, "checkboxed": false}, "version": 1, "cmd-type": "basic", "parameters": {"range": "", "sheet-name": "", "shift-type": "rows", "spreadsheet": ""}, "description": "スプレッドシートに行や列を挿入します。", "cmd-nickname": "スプレッドシート指定範囲にセルを挿入"}

39. step_key: typewrite_static_string
   title: キーボード入力（文字）
   description: 指定した文字列を一文字ずつキーボード入力します。フォームへの入力に使用します。
   similarity: 0.0176
   metadata: {"cmd": "typewrite_static_string", "memo": "", "tags": ["キーボード", "入力", "文字"], "uuid": "3c0ac65a-5bf9-480e-a594-261f8c95b9d7", "flags": {"bookmarked": false, "checkboxed": false}, "version": 2, "cmd-type": "basic", "parameters": {"enter": false, "string": ""}, "description": "指定した文字列を一文字ずつキーボード入力します。フォームへの入力に使用します。", "cmd-nickname": "キーボード入力（文字）"}

40. step_key: click_uia_element
   title: アプリをクリック
   description: UIオートメーション要素をクリックします。
   similarity: 0.0173
   metadata: {"cmd": "click_uia_element", "memo": "", "tags": ["UIオートメーション", "クリック", "Windows"], "uuid": "34a862e2-e237-45dd-974c-b12a1ba1f2e0", "flags": {"bookmarked": false, "checkboxed": false}, "version": 1, "cmd-type": "basic", "parameters": {"name": "", "depth": "", "index": "", "window": "__uia_focused_window__", "ancestors": null, "className": "", "clicktype": "click-uia", "identifier": "name", "controlType": "50000", "frameworkId": "", "automationId": "", "search-level": "1"}, "description": "UIオートメーション要素をクリックします。", "cmd-nickname": "アプリをクリック"}


=== 許可されたツール名 ===

1. parse_regex
2. parse_brackets
3. replace_strings
4. copy_to_clipboard
5. get_text_from_uia_element
6. get_spreadsheet_values
7. compare_strings_and_branch
8. open_static_file_name
9. parse_break_and_space
10. retrieve_text_of_html_element
11. get_spreadsheet_url
12. run_executable
13. retrieve_attribute_of_html_element
14. set_spreadsheet_values
15. get_spreadsheet_sheet_name
16. rename_spreadsheet
17. move_spreadsheet_sheet
18. rename_spreadsheet_sheet
19. delete_spreadsheet_range
20. retrieve_link_of_html_element
21. open_fixed_directory_name
22. copy_spreadsheet_sheet
23. get_window_title
24. convert_character_type
25. copy_paste_spreadsheet
26. parse_delimiters
27. prepend_string_to_variable_filename
28. send_password_to_uia_element
29. visit_url
30. retrieve_text_of_html_alert
31. raise_error
32. move_mouse_to_image
33. run_browser_with_profile
34. get_uia_element_clickable_point
35. assign_day_of_week_to_string_variable
36. assign_clipboard_to_string_variable
37. assign_string_variable
38. insert_spreadsheet_range
39. typewrite_static_string
40. click_uia_element

合計: 40 ツール
